d:\c++_project\journal\cmake-build-release\content\journal_content.dir\release\journal_content_qmltyperegistrations.obj
d:\c++_project\journal\cmake-build-release\content\journal_content.dir\release\mocs_compilation_release.obj
d:\c++_project\journal\cmake-build-release\content\journal_content.dir\release\journal_content_homepage_qml.obj
d:\c++_project\journal\cmake-build-release\content\journal_content.dir\release\journal_content_home_subpage_3_qml.obj
d:\c++_project\journal\cmake-build-release\content\journal_content.dir\release\journal_content_home_subpage_2_qml.obj
d:\c++_project\journal\cmake-build-release\content\journal_content.dir\release\journal_content_home_subpage_1_qml.obj
d:\c++_project\journal\cmake-build-release\content\journal_content.dir\release\journal_content_home_smalltitle_qml.obj
d:\c++_project\journal\cmake-build-release\content\meta_types\qt6journal_content_metatypes.json.gen
d:\c++_project\journal\cmake-build-release\content\journal_content_qmltyperegistrations.cpp
d:\c++_project\journal\cmake-build-release\content\journal_content.qmltypes
d:\c++_project\journal\cmake-build-release\content\.rcc\qmlcache\journal_content_home_smalltitle_qml.cpp
d:\c++_project\journal\cmake-build-release\content\.rcc\qmlcache\journal_content_home_subpage_1_qml.cpp
d:\c++_project\journal\cmake-build-release\content\.rcc\qmlcache\journal_content_home_subpage_2_qml.cpp
d:\c++_project\journal\cmake-build-release\content\.rcc\qmlcache\journal_content_home_subpage_3_qml.cpp
d:\c++_project\journal\cmake-build-release\content\.rcc\qmlcache\journal_content_homepage_qml.cpp
d:\c++_project\journal\cmake-build-release\content\cmakefiles\generate.stamp
d:\c++_project\journal\cmake-build-release\content\release\journal_content.lib
d:\c++_project\journal\cmake-build-release\content\journal_content.dir\release\journal_content.tlog\cl.command.1.tlog
d:\c++_project\journal\cmake-build-release\content\journal_content.dir\release\journal_content.tlog\cl.items.tlog
d:\c++_project\journal\cmake-build-release\content\journal_content.dir\release\journal_content.tlog\cl.read.1.tlog
d:\c++_project\journal\cmake-build-release\content\journal_content.dir\release\journal_content.tlog\cl.write.1.tlog
d:\c++_project\journal\cmake-build-release\content\journal_content.dir\release\journal_content.tlog\custombuild.command.1.tlog
d:\c++_project\journal\cmake-build-release\content\journal_content.dir\release\journal_content.tlog\custombuild.read.1.tlog
d:\c++_project\journal\cmake-build-release\content\journal_content.dir\release\journal_content.tlog\custombuild.write.1.tlog
d:\c++_project\journal\cmake-build-release\content\journal_content.dir\release\journal_content.tlog\lib-link.read.1.tlog
d:\c++_project\journal\cmake-build-release\content\journal_content.dir\release\journal_content.tlog\lib-link.write.1.tlog
d:\c++_project\journal\cmake-build-release\content\journal_content.dir\release\journal_content.tlog\lib.command.1.tlog
