d:\c++_project\journal\cmake-build-release\journal.dir\release\mocs_compilation_release.obj
d:\c++_project\journal\cmake-build-release\journal.dir\release\qrc_journal_raw_qml_0.obj
d:\c++_project\journal\cmake-build-release\journal.dir\release\journal_main_qml.obj
d:\c++_project\journal\cmake-build-release\journal.dir\release\journal_qmlcache_loader.obj
d:\c++_project\journal\cmake-build-release\journal.dir\release\qrc_qmake_main.obj
d:\c++_project\journal\cmake-build-release\journal.dir\release\qrc_configuration.obj
d:\c++_project\journal\cmake-build-release\journal.dir\release\main.obj
d:\c++_project\journal\cmake-build-release\journal.dir\release\journal_qmltyperegistrations.obj
d:\c++_project\journal\cmake-build-release\.rcc\qrc_configuration.cpp
d:\c++_project\journal\cmake-build-release\meta_types\qt6journal_metatypes.json.gen
d:\c++_project\journal\cmake-build-release\journal_qmltyperegistrations.cpp
d:\c++_project\journal\cmake-build-release\main\journal.qmltypes
d:\c++_project\journal\cmake-build-release\.rcc\qrc_qmake_main.cpp
d:\c++_project\journal\cmake-build-release\.rcc\qmlcache\journal_main_qml.cpp
d:\c++_project\journal\cmake-build-release\.rcc\qrc_journal_raw_qml_0.cpp
d:\c++_project\journal\cmake-build-release\cmakefiles\generate.stamp
d:\c++_project\journal\cmake-build-release\release\journal.lib
d:\c++_project\journal\cmake-build-release\release\journal.exp
d:\c++_project\journal\cmake-build-release\release\journal.exe
d:\c++_project\journal\cmake-build-release\journal.dir\release\journal.tlog\cl.command.1.tlog
d:\c++_project\journal\cmake-build-release\journal.dir\release\journal.tlog\cl.items.tlog
d:\c++_project\journal\cmake-build-release\journal.dir\release\journal.tlog\cl.read.1.tlog
d:\c++_project\journal\cmake-build-release\journal.dir\release\journal.tlog\cl.write.1.tlog
d:\c++_project\journal\cmake-build-release\journal.dir\release\journal.tlog\custombuild.command.1.tlog
d:\c++_project\journal\cmake-build-release\journal.dir\release\journal.tlog\custombuild.read.1.tlog
d:\c++_project\journal\cmake-build-release\journal.dir\release\journal.tlog\custombuild.write.1.tlog
d:\c++_project\journal\cmake-build-release\journal.dir\release\journal.tlog\link.command.1.tlog
d:\c++_project\journal\cmake-build-release\journal.dir\release\journal.tlog\link.read.1.tlog
d:\c++_project\journal\cmake-build-release\journal.dir\release\journal.tlog\link.write.1.tlog
d:\c++_project\journal\cmake-build-release\journal.dir\release\journal.tlog\link.write.2u.tlog
