d:\c++_project\journal\cmake-build-release\imports\base\base.dir\release\base_qmltyperegistrations.obj
d:\c++_project\journal\cmake-build-release\imports\base\base.dir\release\mocs_compilation_release.obj
d:\c++_project\journal\cmake-build-release\imports\base\base.dir\release\base_j_tabview_qml.obj
d:\c++_project\journal\cmake-build-release\imports\base\base.dir\release\base_j_shadow_qml.obj
d:\c++_project\journal\cmake-build-release\imports\base\base.dir\release\base_j_scrollpage_qml.obj
d:\c++_project\journal\cmake-build-release\imports\base\base.dir\release\base_j_scrollbar_qml.obj
d:\c++_project\journal\cmake-build-release\imports\base\base.dir\release\base_j_radiusimage_qml.obj
d:\c++_project\journal\cmake-build-release\imports\base\base.dir\release\base_j_listview_qml.obj
d:\c++_project\journal\cmake-build-release\imports\base\base.dir\release\base_j_iconbutton_qml.obj
d:\c++_project\journal\cmake-build-release\imports\base\base.dir\release\base_j_icon_qml.obj
d:\c++_project\journal\cmake-build-release\imports\base\meta_types\qt6base_metatypes.json.gen
d:\c++_project\journal\cmake-build-release\imports\base\base_qmltyperegistrations.cpp
d:\c++_project\journal\cmake-build-release\imports\base\base.qmltypes
d:\c++_project\journal\cmake-build-release\imports\base\.rcc\qmlcache\base_j_icon_qml.cpp
d:\c++_project\journal\cmake-build-release\imports\base\.rcc\qmlcache\base_j_iconbutton_qml.cpp
d:\c++_project\journal\cmake-build-release\imports\base\.rcc\qmlcache\base_j_listview_qml.cpp
d:\c++_project\journal\cmake-build-release\imports\base\.rcc\qmlcache\base_j_radiusimage_qml.cpp
d:\c++_project\journal\cmake-build-release\imports\base\.rcc\qmlcache\base_j_scrollbar_qml.cpp
d:\c++_project\journal\cmake-build-release\imports\base\.rcc\qmlcache\base_j_scrollpage_qml.cpp
d:\c++_project\journal\cmake-build-release\imports\base\.rcc\qmlcache\base_j_shadow_qml.cpp
d:\c++_project\journal\cmake-build-release\imports\base\.rcc\qmlcache\base_j_tabview_qml.cpp
d:\c++_project\journal\cmake-build-release\imports\base\cmakefiles\generate.stamp
d:\c++_project\journal\cmake-build-release\imports\base\release\base.lib
d:\c++_project\journal\cmake-build-release\imports\base\base.dir\release\base.tlog\cl.command.1.tlog
d:\c++_project\journal\cmake-build-release\imports\base\base.dir\release\base.tlog\cl.items.tlog
d:\c++_project\journal\cmake-build-release\imports\base\base.dir\release\base.tlog\cl.read.1.tlog
d:\c++_project\journal\cmake-build-release\imports\base\base.dir\release\base.tlog\cl.write.1.tlog
d:\c++_project\journal\cmake-build-release\imports\base\base.dir\release\base.tlog\custombuild.command.1.tlog
d:\c++_project\journal\cmake-build-release\imports\base\base.dir\release\base.tlog\custombuild.read.1.tlog
d:\c++_project\journal\cmake-build-release\imports\base\base.dir\release\base.tlog\custombuild.write.1.tlog
d:\c++_project\journal\cmake-build-release\imports\base\base.dir\release\base.tlog\lib-link.read.1.tlog
d:\c++_project\journal\cmake-build-release\imports\base\base.dir\release\base.tlog\lib-link.write.1.tlog
d:\c++_project\journal\cmake-build-release\imports\base\base.dir\release\base.tlog\lib.command.1.tlog
