d:\c++_project\journal\cmake-build-release\imports\components\components.dir\release\components_qmltyperegistrations.obj
d:\c++_project\journal\cmake-build-release\imports\components\components.dir\release\mocs_compilation_release.obj
d:\c++_project\journal\cmake-build-release\imports\components\components.dir\release\components_j_taskview_qml.obj
d:\c++_project\journal\cmake-build-release\imports\components\components.dir\release\components_j_sidebar_qml.obj
d:\c++_project\journal\cmake-build-release\imports\components\meta_types\qt6components_metatypes.json.gen
d:\c++_project\journal\cmake-build-release\imports\components\components_qmltyperegistrations.cpp
d:\c++_project\journal\cmake-build-release\imports\components\components.qmltypes
d:\c++_project\journal\cmake-build-release\imports\components\.rcc\qmlcache\components_j_sidebar_qml.cpp
d:\c++_project\journal\cmake-build-release\imports\components\.rcc\qmlcache\components_j_taskview_qml.cpp
d:\c++_project\journal\cmake-build-release\imports\components\cmakefiles\generate.stamp
d:\c++_project\journal\cmake-build-release\imports\components\release\components.lib
d:\c++_project\journal\cmake-build-release\imports\components\components.dir\release\components.tlog\cl.command.1.tlog
d:\c++_project\journal\cmake-build-release\imports\components\components.dir\release\components.tlog\cl.items.tlog
d:\c++_project\journal\cmake-build-release\imports\components\components.dir\release\components.tlog\cl.read.1.tlog
d:\c++_project\journal\cmake-build-release\imports\components\components.dir\release\components.tlog\cl.write.1.tlog
d:\c++_project\journal\cmake-build-release\imports\components\components.dir\release\components.tlog\custombuild.command.1.tlog
d:\c++_project\journal\cmake-build-release\imports\components\components.dir\release\components.tlog\custombuild.read.1.tlog
d:\c++_project\journal\cmake-build-release\imports\components\components.dir\release\components.tlog\custombuild.write.1.tlog
d:\c++_project\journal\cmake-build-release\imports\components\components.dir\release\components.tlog\lib-link.read.1.tlog
d:\c++_project\journal\cmake-build-release\imports\components\components.dir\release\components.tlog\lib-link.write.1.tlog
d:\c++_project\journal\cmake-build-release\imports\components\components.dir\release\components.tlog\lib.command.1.tlog
